c:\users\me\source\repos\kernel_callbacks\x64\release\vc142.pdb
c:\users\me\source\repos\kernel_callbacks\x64\release\proc_notifi.obj
c:\users\me\source\repos\kernel_callbacks\x64\release\kernel_info.obj
z:\callbacks\x64\release\vc142.pdb
z:\callbacks\x64\release\proc_notifi.obj
z:\callbacks\x64\release\kernel_info.obj
c:\users\_lab1\source\repos\lastversion_kercallbackx\kernelcallbacks\x64\release\vc142.pdb
c:\users\_lab1\source\repos\lastversion_kercallbackx\kernelcallbacks\x64\release\proc_notifi.obj
c:\users\_lab1\source\repos\lastversion_kercallbackx\kernelcallbacks\x64\release\kernel_info.obj
c:\users\me\source\repos\kernel_callbacks\x64\release\kernel_callbacks.ipdb
c:\users\me\source\repos\kernel_callbacks\x64\release\kernel_callbacks.iobj
z:\callbacks\x64\release\kernel_callbacks.ipdb
z:\callbacks\x64\release\kernel_callbacks.iobj
z:\callbacks\x64\release\kernel_callbacks.exe
z:\callbacks\x64\release\kernel_callbacks.pdb
c:\users\_lab1\source\repos\lastversion_kercallbackx\kernelcallbacks\x64\release\kernel_callbacks.ipdb
c:\users\_lab1\source\repos\lastversion_kercallbackx\kernelcallbacks\x64\release\kernel_callbacks.iobj
c:\users\_lab1\source\repos\lastversion_kercallbackx\kernelcallbacks\x64\release\kernel_callbacks.pdb
c:\users\_lab1\source\repos\lastversion_kercallbackx\kernelcallbacks\x64\release\kernel_callbacks.exe
c:\users\_lab1\source\repos\lastversion_kercallbackx\kernelcallbacks\x64\release\kernel_callbacks.tlog\cl.command.1.tlog
c:\users\_lab1\source\repos\lastversion_kercallbackx\kernelcallbacks\x64\release\kernel_callbacks.tlog\cl.read.1.tlog
c:\users\_lab1\source\repos\lastversion_kercallbackx\kernelcallbacks\x64\release\kernel_callbacks.tlog\cl.write.1.tlog
c:\users\_lab1\source\repos\lastversion_kercallbackx\kernelcallbacks\x64\release\kernel_callbacks.tlog\kernel_callbacks.write.1u.tlog
c:\users\_lab1\source\repos\lastversion_kercallbackx\kernelcallbacks\x64\release\kernel_callbacks.tlog\link.command.1.tlog
c:\users\_lab1\source\repos\lastversion_kercallbackx\kernelcallbacks\x64\release\kernel_callbacks.tlog\link.delete.1.tlog
c:\users\_lab1\source\repos\lastversion_kercallbackx\kernelcallbacks\x64\release\kernel_callbacks.tlog\link.read.1.tlog
c:\users\_lab1\source\repos\lastversion_kercallbackx\kernelcallbacks\x64\release\kernel_callbacks.tlog\link.write.1.tlog
