  Kernel_callbacks.cpp
C:\Users\_Lab1\source\repos\Kernel_callbacks\Helper.h(20,6): warning C4091: 'typedef ': ignored on left of '_KERNEL_INFO' when no variable is declared
C:\Users\_Lab1\source\repos\Kernel_callbacks\Proc_Notifi.h(154,66): error C2440: 'initializing': cannot convert from 'const wchar_t [24]' to 'PWCHAR'
C:\Users\_Lab1\source\repos\Kernel_callbacks\Proc_Notifi.h(154,66): message : Conversion from string literal loses const qualifier (see /Zc:strictStrings)
C:\Users\_Lab1\source\repos\Kernel_callbacks\Proc_Notifi.h(154,98): error C2440: 'initializing': cannot convert from 'const wchar_t [17]' to 'PWCHAR'
C:\Users\_Lab1\source\repos\Kernel_callbacks\Proc_Notifi.h(154,98): message : Conversion from string literal loses const qualifier (see /Zc:strictStrings)
C:\Users\_Lab1\source\repos\Kernel_callbacks\Proc_Notifi.h(155,67): error C2440: 'initializing': cannot convert from 'const wchar_t [24]' to 'PWCHAR'
C:\Users\_Lab1\source\repos\Kernel_callbacks\Proc_Notifi.h(155,67): message : Conversion from string literal loses const qualifier (see /Zc:strictStrings)
C:\Users\_Lab1\source\repos\Kernel_callbacks\Proc_Notifi.h(155,99): error C2440: 'initializing': cannot convert from 'const wchar_t [17]' to 'PWCHAR'
C:\Users\_Lab1\source\repos\Kernel_callbacks\Proc_Notifi.h(155,99): message : Conversion from string literal loses const qualifier (see /Zc:strictStrings)
C:\Users\_Lab1\source\repos\Kernel_callbacks\Proc_Notifi.h(156,69): error C2440: 'initializing': cannot convert from 'const wchar_t [12]' to 'PWCHAR'
C:\Users\_Lab1\source\repos\Kernel_callbacks\Proc_Notifi.h(156,69): message : Conversion from string literal loses const qualifier (see /Zc:strictStrings)
C:\Users\_Lab1\source\repos\Kernel_callbacks\Proc_Notifi.h(156,92): error C2440: 'initializing': cannot convert from 'const wchar_t [20]' to 'PWCHAR'
C:\Users\_Lab1\source\repos\Kernel_callbacks\Proc_Notifi.h(156,92): message : Conversion from string literal loses const qualifier (see /Zc:strictStrings)
C:\Users\_Lab1\source\repos\Kernel_callbacks\Proc_Notifi.h(157,66): error C2440: 'initializing': cannot convert from 'const wchar_t [25]' to 'PWCHAR'
C:\Users\_Lab1\source\repos\Kernel_callbacks\Proc_Notifi.h(157,66): message : Conversion from string literal loses const qualifier (see /Zc:strictStrings)
C:\Users\_Lab1\source\repos\Kernel_callbacks\Proc_Notifi.h(157,98): error C2440: 'initializing': cannot convert from 'const wchar_t [18]' to 'PWCHAR'
C:\Users\_Lab1\source\repos\Kernel_callbacks\Proc_Notifi.h(157,98): message : Conversion from string literal loses const qualifier (see /Zc:strictStrings)
C:\Users\_Lab1\source\repos\Kernel_callbacks\Proc_Notifi.h(158,66): error C2440: 'initializing': cannot convert from 'const wchar_t [27]' to 'PWCHAR'
C:\Users\_Lab1\source\repos\Kernel_callbacks\Proc_Notifi.h(158,66): message : Conversion from string literal loses const qualifier (see /Zc:strictStrings)
C:\Users\_Lab1\source\repos\Kernel_callbacks\Proc_Notifi.h(158,100): error C2440: 'initializing': cannot convert from 'const wchar_t [11]' to 'PWCHAR'
C:\Users\_Lab1\source\repos\Kernel_callbacks\Proc_Notifi.h(158,100): message : Conversion from string literal loses const qualifier (see /Zc:strictStrings)
C:\Users\_Lab1\source\repos\Kernel_callbacks\Proc_Notifi.h(159,68): error C2440: 'initializing': cannot convert from 'const wchar_t [18]' to 'PWCHAR'
C:\Users\_Lab1\source\repos\Kernel_callbacks\Proc_Notifi.h(159,68): message : Conversion from string literal loses const qualifier (see /Zc:strictStrings)
C:\Users\_Lab1\source\repos\Kernel_callbacks\Proc_Notifi.h(159,95): error C2440: 'initializing': cannot convert from 'const wchar_t [21]' to 'PWCHAR'
C:\Users\_Lab1\source\repos\Kernel_callbacks\Proc_Notifi.h(159,95): message : Conversion from string literal loses const qualifier (see /Zc:strictStrings)
C:\Users\_Lab1\source\repos\Kernel_callbacks\Proc_Notifi.h(160,70): error C2440: 'initializing': cannot convert from 'const wchar_t [32]' to 'PWCHAR'
C:\Users\_Lab1\source\repos\Kernel_callbacks\Proc_Notifi.h(160,70): message : Conversion from string literal loses const qualifier (see /Zc:strictStrings)
C:\Users\_Lab1\source\repos\Kernel_callbacks\Proc_Notifi.h(160,108): error C2440: 'initializing': cannot convert from 'const wchar_t [29]' to 'PWCHAR'
C:\Users\_Lab1\source\repos\Kernel_callbacks\Proc_Notifi.h(160,108): message : Conversion from string literal loses const qualifier (see /Zc:strictStrings)
C:\Users\_Lab1\source\repos\Kernel_callbacks\Proc_Notifi.h(161,70): error C2440: 'initializing': cannot convert from 'const wchar_t [32]' to 'PWCHAR'
C:\Users\_Lab1\source\repos\Kernel_callbacks\Proc_Notifi.h(161,70): message : Conversion from string literal loses const qualifier (see /Zc:strictStrings)
C:\Users\_Lab1\source\repos\Kernel_callbacks\Proc_Notifi.h(161,108): error C2440: 'initializing': cannot convert from 'const wchar_t [29]' to 'PWCHAR'
C:\Users\_Lab1\source\repos\Kernel_callbacks\Proc_Notifi.h(161,108): message : Conversion from string literal loses const qualifier (see /Zc:strictStrings)
C:\Users\_Lab1\source\repos\Kernel_callbacks\Proc_Notifi.h(162,70): error C2440: 'initializing': cannot convert from 'const wchar_t [32]' to 'PWCHAR'
C:\Users\_Lab1\source\repos\Kernel_callbacks\Proc_Notifi.h(162,70): message : Conversion from string literal loses const qualifier (see /Zc:strictStrings)
C:\Users\_Lab1\source\repos\Kernel_callbacks\Proc_Notifi.h(162,108): error C2440: 'initializing': cannot convert from 'const wchar_t [29]' to 'PWCHAR'
C:\Users\_Lab1\source\repos\Kernel_callbacks\Proc_Notifi.h(162,108): message : Conversion from string literal loses const qualifier (see /Zc:strictStrings)
C:\Users\_Lab1\source\repos\Kernel_callbacks\Proc_Notifi.h(163,70): error C2440: 'initializing': cannot convert from 'const wchar_t [32]' to 'PWCHAR'
C:\Users\_Lab1\source\repos\Kernel_callbacks\Proc_Notifi.h(163,70): message : Conversion from string literal loses const qualifier (see /Zc:strictStrings)
C:\Users\_Lab1\source\repos\Kernel_callbacks\Proc_Notifi.h(163,108): error C2440: 'initializing': cannot convert from 'const wchar_t [29]' to 'PWCHAR'
C:\Users\_Lab1\source\repos\Kernel_callbacks\Proc_Notifi.h(163,108): message : Conversion from string literal loses const qualifier (see /Zc:strictStrings)
C:\Users\_Lab1\source\repos\Kernel_callbacks\Proc_Notifi.h(164,70): error C2440: 'initializing': cannot convert from 'const wchar_t [32]' to 'PWCHAR'
C:\Users\_Lab1\source\repos\Kernel_callbacks\Proc_Notifi.h(164,70): message : Conversion from string literal loses const qualifier (see /Zc:strictStrings)
C:\Users\_Lab1\source\repos\Kernel_callbacks\Proc_Notifi.h(164,108): error C2440: 'initializing': cannot convert from 'const wchar_t [29]' to 'PWCHAR'
C:\Users\_Lab1\source\repos\Kernel_callbacks\Proc_Notifi.h(164,108): message : Conversion from string literal loses const qualifier (see /Zc:strictStrings)
C:\Users\_Lab1\source\repos\Kernel_callbacks\Proc_Notifi.h(165,70): error C2440: 'initializing': cannot convert from 'const wchar_t [32]' to 'PWCHAR'
C:\Users\_Lab1\source\repos\Kernel_callbacks\Proc_Notifi.h(165,70): message : Conversion from string literal loses const qualifier (see /Zc:strictStrings)
C:\Users\_Lab1\source\repos\Kernel_callbacks\Proc_Notifi.h(165,108): error C2440: 'initializing': cannot convert from 'const wchar_t [26]' to 'PWCHAR'
C:\Users\_Lab1\source\repos\Kernel_callbacks\Proc_Notifi.h(165,108): message : Conversion from string literal loses const qualifier (see /Zc:strictStrings)
C:\Users\_Lab1\source\repos\Kernel_callbacks\Proc_Notifi.h(166,70): error C2440: 'initializing': cannot convert from 'const wchar_t [32]' to 'PWCHAR'
C:\Users\_Lab1\source\repos\Kernel_callbacks\Proc_Notifi.h(166,70): message : Conversion from string literal loses const qualifier (see /Zc:strictStrings)
C:\Users\_Lab1\source\repos\Kernel_callbacks\Proc_Notifi.h(166,108): error C2440: 'initializing': cannot convert from 'const wchar_t [26]' to 'PWCHAR'
C:\Users\_Lab1\source\repos\Kernel_callbacks\Proc_Notifi.h(166,108): message : Conversion from string literal loses const qualifier (see /Zc:strictStrings)
C:\Users\_Lab1\source\repos\Kernel_callbacks\Proc_Notifi.h(167,70): error C2440: 'initializing': cannot convert from 'const wchar_t [32]' to 'PWCHAR'
C:\Users\_Lab1\source\repos\Kernel_callbacks\Proc_Notifi.h(167,70): message : Conversion from string literal loses const qualifier (see /Zc:strictStrings)
C:\Users\_Lab1\source\repos\Kernel_callbacks\Proc_Notifi.h(167,108): error C2440: 'initializing': cannot convert from 'const wchar_t [26]' to 'PWCHAR'
C:\Users\_Lab1\source\repos\Kernel_callbacks\Proc_Notifi.h(167,108): message : Conversion from string literal loses const qualifier (see /Zc:strictStrings)
C:\Users\_Lab1\source\repos\Kernel_callbacks\Proc_Notifi.h(168,70): error C2440: 'initializing': cannot convert from 'const wchar_t [33]' to 'PWCHAR'
C:\Users\_Lab1\source\repos\Kernel_callbacks\Proc_Notifi.h(168,70): message : Conversion from string literal loses const qualifier (see /Zc:strictStrings)
C:\Users\_Lab1\source\repos\Kernel_callbacks\Proc_Notifi.h(168,108): error C2440: 'initializing': cannot convert from 'const wchar_t [21]' to 'PWCHAR'
C:\Users\_Lab1\source\repos\Kernel_callbacks\Proc_Notifi.h(168,108): message : Conversion from string literal loses const qualifier (see /Zc:strictStrings)
C:\Users\_Lab1\source\repos\Kernel_callbacks\Proc_Notifi.h(180,67): error C2440: 'initializing': cannot convert from 'const wchar_t [24]' to 'PWCHAR'
C:\Users\_Lab1\source\repos\Kernel_callbacks\Proc_Notifi.h(180,67): message : Conversion from string literal loses const qualifier (see /Zc:strictStrings)
C:\Users\_Lab1\source\repos\Kernel_callbacks\Proc_Notifi.h(180,99): error C2440: 'initializing': cannot convert from 'const wchar_t [17]' to 'PWCHAR'
C:\Users\_Lab1\source\repos\Kernel_callbacks\Proc_Notifi.h(180,99): message : Conversion from string literal loses const qualifier (see /Zc:strictStrings)
C:\Users\_Lab1\source\repos\Kernel_callbacks\Proc_Notifi.h(181,68): error C2440: 'initializing': cannot convert from 'const wchar_t [24]' to 'PWCHAR'
C:\Users\_Lab1\source\repos\Kernel_callbacks\Proc_Notifi.h(181,68): message : Conversion from string literal loses const qualifier (see /Zc:strictStrings)
C:\Users\_Lab1\source\repos\Kernel_callbacks\Proc_Notifi.h(181,100): error C2440: 'initializing': cannot convert from 'const wchar_t [17]' to 'PWCHAR'
C:\Users\_Lab1\source\repos\Kernel_callbacks\Proc_Notifi.h(181,100): message : Conversion from string literal loses const qualifier (see /Zc:strictStrings)
C:\Users\_Lab1\source\repos\Kernel_callbacks\Proc_Notifi.h(182,70): error C2440: 'initializing': cannot convert from 'const wchar_t [12]' to 'PWCHAR'
C:\Users\_Lab1\source\repos\Kernel_callbacks\Proc_Notifi.h(182,70): message : Conversion from string literal loses const qualifier (see /Zc:strictStrings)
C:\Users\_Lab1\source\repos\Kernel_callbacks\Proc_Notifi.h(182,93): error C2440: 'initializing': cannot convert from 'const wchar_t [20]' to 'PWCHAR'
C:\Users\_Lab1\source\repos\Kernel_callbacks\Proc_Notifi.h(182,93): message : Conversion from string literal loses const qualifier (see /Zc:strictStrings)
C:\Users\_Lab1\source\repos\Kernel_callbacks\Proc_Notifi.h(183,67): error C2440: 'initializing': cannot convert from 'const wchar_t [25]' to 'PWCHAR'
C:\Users\_Lab1\source\repos\Kernel_callbacks\Proc_Notifi.h(183,67): message : Conversion from string literal loses const qualifier (see /Zc:strictStrings)
C:\Users\_Lab1\source\repos\Kernel_callbacks\Proc_Notifi.h(183,99): error C2440: 'initializing': cannot convert from 'const wchar_t [18]' to 'PWCHAR'
C:\Users\_Lab1\source\repos\Kernel_callbacks\Proc_Notifi.h(183,99): message : Conversion from string literal loses const qualifier (see /Zc:strictStrings)
C:\Users\_Lab1\source\repos\Kernel_callbacks\Proc_Notifi.h(184,67): error C2440: 'initializing': cannot convert from 'const wchar_t [27]' to 'PWCHAR'
C:\Users\_Lab1\source\repos\Kernel_callbacks\Proc_Notifi.h(184,67): message : Conversion from string literal loses const qualifier (see /Zc:strictStrings)
C:\Users\_Lab1\source\repos\Kernel_callbacks\Proc_Notifi.h(184,101): error C2440: 'initializing': cannot convert from 'const wchar_t [11]' to 'PWCHAR'
C:\Users\_Lab1\source\repos\Kernel_callbacks\Proc_Notifi.h(184,101): message : Conversion from string literal loses const qualifier (see /Zc:strictStrings)
C:\Users\_Lab1\source\repos\Kernel_callbacks\Proc_Notifi.h(185,69): error C2440: 'initializing': cannot convert from 'const wchar_t [18]' to 'PWCHAR'
C:\Users\_Lab1\source\repos\Kernel_callbacks\Proc_Notifi.h(185,69): message : Conversion from string literal loses const qualifier (see /Zc:strictStrings)
C:\Users\_Lab1\source\repos\Kernel_callbacks\Proc_Notifi.h(185,96): error C2440: 'initializing': cannot convert from 'const wchar_t [21]' to 'PWCHAR'
C:\Users\_Lab1\source\repos\Kernel_callbacks\Proc_Notifi.h(185,96): message : Conversion from string literal loses const qualifier (see /Zc:strictStrings)
C:\Users\_Lab1\source\repos\Kernel_callbacks\Proc_Notifi.h(186,80): error C2440: 'initializing': cannot convert from 'const wchar_t [29]' to 'PWCHAR'
C:\Users\_Lab1\source\repos\Kernel_callbacks\Proc_Notifi.h(186,80): message : Conversion from string literal loses const qualifier (see /Zc:strictStrings)
C:\Users\_Lab1\source\repos\Kernel_callbacks\Proc_Notifi.h(186,114): error C2440: 'initializing': cannot convert from 'const wchar_t [22]' to 'PWCHAR'
C:\Users\_Lab1\source\repos\Kernel_callbacks\Proc_Notifi.h(186,114): message : Conversion from string literal loses const qualifier (see /Zc:strictStrings)
C:\Users\_Lab1\source\repos\Kernel_callbacks\Proc_Notifi.h(187,80): error C2440: 'initializing': cannot convert from 'const wchar_t [29]' to 'PWCHAR'
C:\Users\_Lab1\source\repos\Kernel_callbacks\Proc_Notifi.h(187,80): message : Conversion from string literal loses const qualifier (see /Zc:strictStrings)
C:\Users\_Lab1\source\repos\Kernel_callbacks\Proc_Notifi.h(187,114): error C2440: 'initializing': cannot convert from 'const wchar_t [22]' to 'PWCHAR'
C:\Users\_Lab1\source\repos\Kernel_callbacks\Proc_Notifi.h(187,114): message : Conversion from string literal loses const qualifier (see /Zc:strictStrings)
C:\Users\_Lab1\source\repos\Kernel_callbacks\Proc_Notifi.h(188,80): error C2440: 'initializing': cannot convert from 'const wchar_t [29]' to 'PWCHAR'
C:\Users\_Lab1\source\repos\Kernel_callbacks\Proc_Notifi.h(188,80): message : Conversion from string literal loses const qualifier (see /Zc:strictStrings)
C:\Users\_Lab1\source\repos\Kernel_callbacks\Proc_Notifi.h(188,114): error C2440: 'initializing': cannot convert from 'const wchar_t [23]' to 'PWCHAR'
C:\Users\_Lab1\source\repos\Kernel_callbacks\Proc_Notifi.h(188,114): message : Conversion from string literal loses const qualifier (see /Zc:strictStrings)
C:\Users\_Lab1\source\repos\Kernel_callbacks\Proc_Notifi.h(189,80): error C2440: 'initializing': cannot convert from 'const wchar_t [29]' to 'PWCHAR'
C:\Users\_Lab1\source\repos\Kernel_callbacks\Proc_Notifi.h(189,80): message : Conversion from string literal loses const qualifier (see /Zc:strictStrings)
C:\Users\_Lab1\source\repos\Kernel_callbacks\Proc_Notifi.h(189,114): error C2440: 'initializing': cannot convert from 'const wchar_t [23]' to 'PWCHAR'
C:\Users\_Lab1\source\repos\Kernel_callbacks\Proc_Notifi.h(189,114): message : Conversion from string literal loses const qualifier (see /Zc:strictStrings)
C:\Users\_Lab1\source\repos\Kernel_callbacks\Proc_Notifi.h(190,80): error C2440: 'initializing': cannot convert from 'const wchar_t [29]' to 'PWCHAR'
C:\Users\_Lab1\source\repos\Kernel_callbacks\Proc_Notifi.h(190,80): message : Conversion from string literal loses const qualifier (see /Zc:strictStrings)
C:\Users\_Lab1\source\repos\Kernel_callbacks\Proc_Notifi.h(190,114): error C2440: 'initializing': cannot convert from 'const wchar_t [23]' to 'PWCHAR'
C:\Users\_Lab1\source\repos\Kernel_callbacks\Proc_Notifi.h(190,114): message : Conversion from string literal loses const qualifier (see /Zc:strictStrings)
C:\Users\_Lab1\source\repos\Kernel_callbacks\Proc_Notifi.h(191,80): error C2440: 'initializing': cannot convert from 'const wchar_t [29]' to 'PWCHAR'
C:\Users\_Lab1\source\repos\Kernel_callbacks\Proc_Notifi.h(191,80): message : Conversion from string literal loses const qualifier (see /Zc:strictStrings)
C:\Users\_Lab1\source\repos\Kernel_callbacks\Proc_Notifi.h(191,114): error C2440: 'initializing': cannot convert from 'const wchar_t [23]' to 'PWCHAR'
C:\Users\_Lab1\source\repos\Kernel_callbacks\Proc_Notifi.h(191,114): message : Conversion from string literal loses const qualifier (see /Zc:strictStrings)
C:\Users\_Lab1\source\repos\Kernel_callbacks\Proc_Notifi.h(192,80): error C2440: 'initializing': cannot convert from 'const wchar_t [29]' to 'PWCHAR'
C:\Users\_Lab1\source\repos\Kernel_callbacks\Proc_Notifi.h(192,80): message : Conversion from string literal loses const qualifier (see /Zc:strictStrings)
C:\Users\_Lab1\source\repos\Kernel_callbacks\Proc_Notifi.h(192,114): error C2440: 'initializing': cannot convert from 'const wchar_t [23]' to 'PWCHAR'
C:\Users\_Lab1\source\repos\Kernel_callbacks\Proc_Notifi.h(192,114): message : Conversion from string literal loses const qualifier (see /Zc:strictStrings)
C:\Users\_Lab1\source\repos\Kernel_callbacks\Proc_Notifi.h(193,80): error C2440: 'initializing': cannot convert from 'const wchar_t [29]' to 'PWCHAR'
C:\Users\_Lab1\source\repos\Kernel_callbacks\Proc_Notifi.h(193,80): message : Conversion from string literal loses const qualifier (see /Zc:strictStrings)
C:\Users\_Lab1\source\repos\Kernel_callbacks\Proc_Notifi.h(193,114): error C2440: 'initializing': cannot convert from 'const wchar_t [23]' to 'PWCHAR'
C:\Users\_Lab1\source\repos\Kernel_callbacks\Proc_Notifi.h(193,114): message : Conversion from string literal loses const qualifier (see /Zc:strictStrings)
C:\Users\_Lab1\source\repos\Kernel_callbacks\Proc_Notifi.h(194,80): error C2440: 'initializing': cannot convert from 'const wchar_t [31]' to 'PWCHAR'
C:\Users\_Lab1\source\repos\Kernel_callbacks\Proc_Notifi.h(194,80): message : Conversion from string literal loses const qualifier (see /Zc:strictStrings)
C:\Users\_Lab1\source\repos\Kernel_callbacks\Proc_Notifi.h(194,116): error C2440: 'initializing': cannot convert from 'const wchar_t [21]' to 'PWCHAR'
C:\Users\_Lab1\source\repos\Kernel_callbacks\Proc_Notifi.h(194,116): message : Conversion from string literal loses const qualifier (see /Zc:strictStrings)
C:\Users\_Lab1\source\repos\Kernel_callbacks\Proc_Notifi.h(207,64): error C2440: 'initializing': cannot convert from 'const wchar_t [31]' to 'PWCHAR'
C:\Users\_Lab1\source\repos\Kernel_callbacks\Proc_Notifi.h(207,64): message : Conversion from string literal loses const qualifier (see /Zc:strictStrings)
C:\Users\_Lab1\source\repos\Kernel_callbacks\Proc_Notifi.h(207,101): error C2440: 'initializing': cannot convert from 'const wchar_t [22]' to 'PWCHAR'
C:\Users\_Lab1\source\repos\Kernel_callbacks\Proc_Notifi.h(207,101): message : Conversion from string literal loses const qualifier (see /Zc:strictStrings)
C:\Users\_Lab1\source\repos\Kernel_callbacks\Proc_Notifi.h(208,65): error C2440: 'initializing': cannot convert from 'const wchar_t [31]' to 'PWCHAR'
C:\Users\_Lab1\source\repos\Kernel_callbacks\Proc_Notifi.h(208,65): message : Conversion from string literal loses const qualifier (see /Zc:strictStrings)
C:\Users\_Lab1\source\repos\Kernel_callbacks\Proc_Notifi.h(208,102): error C2440: 'initializing': cannot convert from 'const wchar_t [21]' to 'PWCHAR'
C:\Users\_Lab1\source\repos\Kernel_callbacks\Proc_Notifi.h(208,102): message : Conversion from string literal loses const qualifier (see /Zc:strictStrings)
C:\Users\_Lab1\source\repos\Kernel_callbacks\Proc_Notifi.h(209,67): error C2440: 'initializing': cannot convert from 'const wchar_t [41]' to 'PWCHAR'
C:\Users\_Lab1\source\repos\Kernel_callbacks\Proc_Notifi.h(209,67): message : Conversion from string literal loses const qualifier (see /Zc:strictStrings)
C:\Users\_Lab1\source\repos\Kernel_callbacks\Proc_Notifi.h(209,111): error C2440: 'initializing': cannot convert from 'const wchar_t [21]' to 'PWCHAR'
C:\Users\_Lab1\source\repos\Kernel_callbacks\Proc_Notifi.h(209,111): message : Conversion from string literal loses const qualifier (see /Zc:strictStrings)
C:\Users\_Lab1\source\repos\Kernel_callbacks\Proc_Notifi.h(210,64): error C2440: 'initializing': cannot convert from 'const wchar_t [29]' to 'PWCHAR'
C:\Users\_Lab1\source\repos\Kernel_callbacks\Proc_Notifi.h(210,64): message : Conversion from string literal loses const qualifier (see /Zc:strictStrings)
C:\Users\_Lab1\source\repos\Kernel_callbacks\Proc_Notifi.h(210,99): error C2440: 'initializing': cannot convert from 'const wchar_t [22]' to 'PWCHAR'
C:\Users\_Lab1\source\repos\Kernel_callbacks\Proc_Notifi.h(210,99): message : Conversion from string literal loses const qualifier (see /Zc:strictStrings)
C:\Users\_Lab1\source\repos\Kernel_callbacks\Proc_Notifi.h(211,64): error C2440: 'initializing': cannot convert from 'const wchar_t [27]' to 'PWCHAR'
C:\Users\_Lab1\source\repos\Kernel_callbacks\Proc_Notifi.h(211,64): message : Conversion from string literal loses const qualifier (see /Zc:strictStrings)
C:\Users\_Lab1\source\repos\Kernel_callbacks\Proc_Notifi.h(211,98): error C2440: 'initializing': cannot convert from 'const wchar_t [11]' to 'PWCHAR'
C:\Users\_Lab1\source\repos\Kernel_callbacks\Proc_Notifi.h(211,98): message : Conversion from string literal loses const qualifier (see /Zc:strictStrings)
C:\Users\_Lab1\source\repos\Kernel_callbacks\Proc_Notifi.h(212,66): error C2440: 'initializing': cannot convert from 'const wchar_t [28]' to 'PWCHAR'
C:\Users\_Lab1\source\repos\Kernel_callbacks\Proc_Notifi.h(212,66): message : Conversion from string literal loses const qualifier (see /Zc:strictStrings)
C:\Users\_Lab1\source\repos\Kernel_callbacks\Proc_Notifi.h(212,101): error C2440: 'initializing': cannot convert from 'const wchar_t [20]' to 'PWCHAR'
C:\Users\_Lab1\source\repos\Kernel_callbacks\Proc_Notifi.h(212,101): message : Conversion from string literal loses const qualifier (see /Zc:strictStrings)
C:\Users\_Lab1\source\repos\Kernel_callbacks\Proc_Notifi.h(213,76): error C2440: 'initializing': cannot convert from 'const wchar_t [28]' to 'PWCHAR'
C:\Users\_Lab1\source\repos\Kernel_callbacks\Proc_Notifi.h(213,76): message : Conversion from string literal loses const qualifier (see /Zc:strictStrings)
C:\Users\_Lab1\source\repos\Kernel_callbacks\Proc_Notifi.h(213,111): error C2440: 'initializing': cannot convert from 'const wchar_t [22]' to 'PWCHAR'
C:\Users\_Lab1\source\repos\Kernel_callbacks\Proc_Notifi.h(213,111): message : Conversion from string literal loses const qualifier (see /Zc:strictStrings)
C:\Users\_Lab1\source\repos\Kernel_callbacks\Proc_Notifi.h(214,76): error C2440: 'initializing': cannot convert from 'const wchar_t [28]' to 'PWCHAR'
C:\Users\_Lab1\source\repos\Kernel_callbacks\Proc_Notifi.h(214,76): message : Conversion from string literal loses const qualifier (see /Zc:strictStrings)
C:\Users\_Lab1\source\repos\Kernel_callbacks\Proc_Notifi.h(214,111): error C2440: 'initializing': cannot convert from 'const wchar_t [22]' to 'PWCHAR'
C:\Users\_Lab1\source\repos\Kernel_callbacks\Proc_Notifi.h(214,111): message : Conversion from string literal loses const qualifier (see /Zc:strictStrings)
C:\Users\_Lab1\source\repos\Kernel_callbacks\Proc_Notifi.h(215,76): error C2440: 'initializing': cannot convert from 'const wchar_t [28]' to 'PWCHAR'
C:\Users\_Lab1\source\repos\Kernel_callbacks\Proc_Notifi.h(215,76): message : Conversion from string literal loses const qualifier (see /Zc:strictStrings)
C:\Users\_Lab1\source\repos\Kernel_callbacks\Proc_Notifi.h(215,111): error C2440: 'initializing': cannot convert from 'const wchar_t [32]' to 'PWCHAR'
C:\Users\_Lab1\source\repos\Kernel_callbacks\Proc_Notifi.h(215,111): message : Conversion from string literal loses const qualifier (see /Zc:strictStrings)
C:\Users\_Lab1\source\repos\Kernel_callbacks\Proc_Notifi.h(216,76): error C2440: 'initializing': cannot convert from 'const wchar_t [28]' to 'PWCHAR'
C:\Users\_Lab1\source\repos\Kernel_callbacks\Proc_Notifi.h(216,76): message : Conversion from string literal loses const qualifier (see /Zc:strictStrings)
C:\Users\_Lab1\source\repos\Kernel_callbacks\Proc_Notifi.h(216,111): error C2440: 'initializing': cannot convert from 'const wchar_t [32]' to 'PWCHAR'
C:\Users\_Lab1\source\repos\Kernel_callbacks\Proc_Notifi.h(216,111): message : Conversion from string literal loses const qualifier (see /Zc:strictStrings)
C:\Users\_Lab1\source\repos\Kernel_callbacks\Proc_Notifi.h(217,76): error C2440: 'initializing': cannot convert from 'const wchar_t [28]' to 'PWCHAR'
C:\Users\_Lab1\source\repos\Kernel_callbacks\Proc_Notifi.h(217,76): message : Conversion from string literal loses const qualifier (see /Zc:strictStrings)
C:\Users\_Lab1\source\repos\Kernel_callbacks\Proc_Notifi.h(217,111): error C2440: 'initializing': cannot convert from 'const wchar_t [32]' to 'PWCHAR'
C:\Users\_Lab1\source\repos\Kernel_callbacks\Proc_Notifi.h(217,111): message : Conversion from string literal loses const qualifier (see /Zc:strictStrings)
C:\Users\_Lab1\source\repos\Kernel_callbacks\Proc_Notifi.h(218,76): error C2440: 'initializing': cannot convert from 'const wchar_t [30]' to 'PWCHAR'
C:\Users\_Lab1\source\repos\Kernel_callbacks\Proc_Notifi.h(218,76): message : Conversion from string literal loses const qualifier (see /Zc:strictStrings)
C:\Users\_Lab1\source\repos\Kernel_callbacks\Proc_Notifi.h(218,112): error C2440: 'initializing': cannot convert from 'const wchar_t [32]' to 'PWCHAR'
C:\Users\_Lab1\source\repos\Kernel_callbacks\Proc_Notifi.h(218,112): message : Conversion from string literal loses const qualifier (see /Zc:strictStrings)
C:\Users\_Lab1\source\repos\Kernel_callbacks\Proc_Notifi.h(219,76): error C2440: 'initializing': cannot convert from 'const wchar_t [30]' to 'PWCHAR'
C:\Users\_Lab1\source\repos\Kernel_callbacks\Proc_Notifi.h(219,76): message : Conversion from string literal loses const qualifier (see /Zc:strictStrings)
C:\Users\_Lab1\source\repos\Kernel_callbacks\Proc_Notifi.h(219,112): error C2440: 'initializing': cannot convert from 'const wchar_t [32]' to 'PWCHAR'
C:\Users\_Lab1\source\repos\Kernel_callbacks\Proc_Notifi.h(219,112): message : Conversion from string literal loses const qualifier (see /Zc:strictStrings)
C:\Users\_Lab1\source\repos\Kernel_callbacks\Proc_Notifi.h(220,76): error C2440: 'initializing': cannot convert from 'const wchar_t [30]' to 'PWCHAR'
C:\Users\_Lab1\source\repos\Kernel_callbacks\Proc_Notifi.h(220,76): message : Conversion from string literal loses const qualifier (see /Zc:strictStrings)
C:\Users\_Lab1\source\repos\Kernel_callbacks\Proc_Notifi.h(220,112): error C2440: 'initializing': cannot convert from 'const wchar_t [32]' to 'PWCHAR'
C:\Users\_Lab1\source\repos\Kernel_callbacks\Proc_Notifi.h(220,112): message : Conversion from string literal loses const qualifier (see /Zc:strictStrings)
C:\Users\_Lab1\source\repos\Kernel_callbacks\Proc_Notifi.h(221,76): error C2440: 'initializing': cannot convert from 'const wchar_t [30]' to 'PWCHAR'
C:\Users\_Lab1\source\repos\Kernel_callbacks\Proc_Notifi.h(221,76): message : Conversion from string literal loses const qualifier (see /Zc:strictStrings)
C:\Users\_Lab1\source\repos\Kernel_callbacks\Proc_Notifi.h(221,112): error C2440: 'initializing': cannot convert from 'const wchar_t [21]' to 'PWCHAR'
C:\Users\_Lab1\source\repos\Kernel_callbacks\Proc_Notifi.h(221,112): message : Conversion from string literal loses const qualifier (see /Zc:strictStrings)
C:\Users\_Lab1\source\repos\Kernel_callbacks\Proc_Notifi.h(234,66): error C2440: 'initializing': cannot convert from 'const wchar_t [19]' to 'PWCHAR'
C:\Users\_Lab1\source\repos\Kernel_callbacks\Proc_Notifi.h(234,66): message : Conversion from string literal loses const qualifier (see /Zc:strictStrings)
C:\Users\_Lab1\source\repos\Kernel_callbacks\Proc_Notifi.h(234,94): error C2440: 'initializing': cannot convert from 'const wchar_t [13]' to 'PWCHAR'
C:\Users\_Lab1\source\repos\Kernel_callbacks\Proc_Notifi.h(234,94): message : Conversion from string literal loses const qualifier (see /Zc:strictStrings)
C:\Users\_Lab1\source\repos\Kernel_callbacks\Proc_Notifi.h(235,67): error C2440: 'initializing': cannot convert from 'const wchar_t [19]' to 'PWCHAR'
C:\Users\_Lab1\source\repos\Kernel_callbacks\Proc_Notifi.h(235,67): message : Conversion from string literal loses const qualifier (see /Zc:strictStrings)
C:\Users\_Lab1\source\repos\Kernel_callbacks\Proc_Notifi.h(235,95): error C2440: 'initializing': cannot convert from 'const wchar_t [13]' to 'PWCHAR'
C:\Users\_Lab1\source\repos\Kernel_callbacks\Proc_Notifi.h(235,95): message : Conversion from string literal loses const qualifier (see /Zc:strictStrings)
C:\Users\_Lab1\source\repos\Kernel_callbacks\Proc_Notifi.h(236,69): error C2440: 'initializing': cannot convert from 'const wchar_t [19]' to 'PWCHAR'
C:\Users\_Lab1\source\repos\Kernel_callbacks\Proc_Notifi.h(236,69): message : Conversion from string literal loses const qualifier (see /Zc:strictStrings)
C:\Users\_Lab1\source\repos\Kernel_callbacks\Proc_Notifi.h(236,97): error C2440: 'initializing': cannot convert from 'const wchar_t [19]' to 'PWCHAR'
C:\Users\_Lab1\source\repos\Kernel_callbacks\Proc_Notifi.h(236,97): message : Conversion from string literal loses const qualifier (see /Zc:strictStrings)
C:\Users\_Lab1\source\repos\Kernel_callbacks\Proc_Notifi.h(237,66): error C2440: 'initializing': cannot convert from 'const wchar_t [19]' to 'PWCHAR'
C:\Users\_Lab1\source\repos\Kernel_callbacks\Proc_Notifi.h(237,66): message : Conversion from string literal loses const qualifier (see /Zc:strictStrings)
C:\Users\_Lab1\source\repos\Kernel_callbacks\Proc_Notifi.h(237,94): error C2440: 'initializing': cannot convert from 'const wchar_t [19]' to 'PWCHAR'
C:\Users\_Lab1\source\repos\Kernel_callbacks\Proc_Notifi.h(237,94): message : Conversion from string literal loses const qualifier (see /Zc:strictStrings)
C:\Users\_Lab1\source\repos\Kernel_callbacks\Proc_Notifi.h(238,66): error C2440: 'initializing': cannot convert from 'const wchar_t [19]' to 'PWCHAR'
C:\Users\_Lab1\source\repos\Kernel_callbacks\Proc_Notifi.h(238,66): message : Conversion from string literal loses const qualifier (see /Zc:strictStrings)
C:\Users\_Lab1\source\repos\Kernel_callbacks\Proc_Notifi.h(238,94): error C2440: 'initializing': cannot convert from 'const wchar_t [15]' to 'PWCHAR'
C:\Users\_Lab1\source\repos\Kernel_callbacks\Proc_Notifi.h(238,94): message : Conversion from string literal loses const qualifier (see /Zc:strictStrings)
C:\Users\_Lab1\source\repos\Kernel_callbacks\Proc_Notifi.h(239,68): error C2440: 'initializing': cannot convert from 'const wchar_t [19]' to 'PWCHAR'
C:\Users\_Lab1\source\repos\Kernel_callbacks\Proc_Notifi.h(249,1): fatal error C1003: error count exceeds 100; stopping compilation
  Kernel_info.cpp
C:\Users\_Lab1\source\repos\Kernel_callbacks\Kernel_info.cpp(15,10): warning C4477: 'printf' : format string '%.8x' requires an argument of type 'unsigned int', but variadic argument 1 has type 'DWORDLONG'
C:\Users\_Lab1\source\repos\Kernel_callbacks\Kernel_info.cpp(15,10): message : consider using '%llx' in the format string
C:\Users\_Lab1\source\repos\Kernel_callbacks\Kernel_info.cpp(15,10): message : consider using '%I64x' in the format string
C:\Users\_Lab1\source\repos\Kernel_callbacks\Kernel_info.cpp(28,71): error C2664: 'HMODULE LoadLibraryExW(LPCWSTR,HANDLE,DWORD)': cannot convert argument 1 from 'const char [13]' to 'LPCWSTR'
C:\Users\_Lab1\source\repos\Kernel_callbacks\Kernel_info.cpp(28,26): message : Types pointed to are unrelated; conversion requires reinterpret_cast, C-style cast or function-style cast
C:\Program Files (x86)\Windows Kits\10\Include\10.0.19041.0\um\libloaderapi.h(386,1): message : see declaration of 'LoadLibraryExW'
  Proc_Notifi.cpp
C:\Users\_Lab1\source\repos\Kernel_callbacks\Helper.h(20,6): warning C4091: 'typedef ': ignored on left of '_KERNEL_INFO' when no variable is declared
C:\Users\_Lab1\source\repos\Kernel_callbacks\Proc_Notifi.h(154,66): error C2440: 'initializing': cannot convert from 'const wchar_t [24]' to 'PWCHAR'
C:\Users\_Lab1\source\repos\Kernel_callbacks\Proc_Notifi.h(154,66): message : Conversion from string literal loses const qualifier (see /Zc:strictStrings)
C:\Users\_Lab1\source\repos\Kernel_callbacks\Proc_Notifi.h(154,98): error C2440: 'initializing': cannot convert from 'const wchar_t [17]' to 'PWCHAR'
C:\Users\_Lab1\source\repos\Kernel_callbacks\Proc_Notifi.h(154,98): message : Conversion from string literal loses const qualifier (see /Zc:strictStrings)
C:\Users\_Lab1\source\repos\Kernel_callbacks\Proc_Notifi.h(155,67): error C2440: 'initializing': cannot convert from 'const wchar_t [24]' to 'PWCHAR'
C:\Users\_Lab1\source\repos\Kernel_callbacks\Proc_Notifi.h(155,67): message : Conversion from string literal loses const qualifier (see /Zc:strictStrings)
C:\Users\_Lab1\source\repos\Kernel_callbacks\Proc_Notifi.h(155,99): error C2440: 'initializing': cannot convert from 'const wchar_t [17]' to 'PWCHAR'
C:\Users\_Lab1\source\repos\Kernel_callbacks\Proc_Notifi.h(155,99): message : Conversion from string literal loses const qualifier (see /Zc:strictStrings)
C:\Users\_Lab1\source\repos\Kernel_callbacks\Proc_Notifi.h(156,69): error C2440: 'initializing': cannot convert from 'const wchar_t [12]' to 'PWCHAR'
C:\Users\_Lab1\source\repos\Kernel_callbacks\Proc_Notifi.h(156,69): message : Conversion from string literal loses const qualifier (see /Zc:strictStrings)
C:\Users\_Lab1\source\repos\Kernel_callbacks\Proc_Notifi.h(156,92): error C2440: 'initializing': cannot convert from 'const wchar_t [20]' to 'PWCHAR'
C:\Users\_Lab1\source\repos\Kernel_callbacks\Proc_Notifi.h(156,92): message : Conversion from string literal loses const qualifier (see /Zc:strictStrings)
C:\Users\_Lab1\source\repos\Kernel_callbacks\Proc_Notifi.h(157,66): error C2440: 'initializing': cannot convert from 'const wchar_t [25]' to 'PWCHAR'
C:\Users\_Lab1\source\repos\Kernel_callbacks\Proc_Notifi.h(157,66): message : Conversion from string literal loses const qualifier (see /Zc:strictStrings)
C:\Users\_Lab1\source\repos\Kernel_callbacks\Proc_Notifi.h(157,98): error C2440: 'initializing': cannot convert from 'const wchar_t [18]' to 'PWCHAR'
C:\Users\_Lab1\source\repos\Kernel_callbacks\Proc_Notifi.h(157,98): message : Conversion from string literal loses const qualifier (see /Zc:strictStrings)
C:\Users\_Lab1\source\repos\Kernel_callbacks\Proc_Notifi.h(158,66): error C2440: 'initializing': cannot convert from 'const wchar_t [27]' to 'PWCHAR'
C:\Users\_Lab1\source\repos\Kernel_callbacks\Proc_Notifi.h(158,66): message : Conversion from string literal loses const qualifier (see /Zc:strictStrings)
C:\Users\_Lab1\source\repos\Kernel_callbacks\Proc_Notifi.h(158,100): error C2440: 'initializing': cannot convert from 'const wchar_t [11]' to 'PWCHAR'
C:\Users\_Lab1\source\repos\Kernel_callbacks\Proc_Notifi.h(158,100): message : Conversion from string literal loses const qualifier (see /Zc:strictStrings)
C:\Users\_Lab1\source\repos\Kernel_callbacks\Proc_Notifi.h(159,68): error C2440: 'initializing': cannot convert from 'const wchar_t [18]' to 'PWCHAR'
C:\Users\_Lab1\source\repos\Kernel_callbacks\Proc_Notifi.h(159,68): message : Conversion from string literal loses const qualifier (see /Zc:strictStrings)
C:\Users\_Lab1\source\repos\Kernel_callbacks\Proc_Notifi.h(159,95): error C2440: 'initializing': cannot convert from 'const wchar_t [21]' to 'PWCHAR'
C:\Users\_Lab1\source\repos\Kernel_callbacks\Proc_Notifi.h(159,95): message : Conversion from string literal loses const qualifier (see /Zc:strictStrings)
C:\Users\_Lab1\source\repos\Kernel_callbacks\Proc_Notifi.h(160,70): error C2440: 'initializing': cannot convert from 'const wchar_t [32]' to 'PWCHAR'
C:\Users\_Lab1\source\repos\Kernel_callbacks\Proc_Notifi.h(160,70): message : Conversion from string literal loses const qualifier (see /Zc:strictStrings)
C:\Users\_Lab1\source\repos\Kernel_callbacks\Proc_Notifi.h(160,108): error C2440: 'initializing': cannot convert from 'const wchar_t [29]' to 'PWCHAR'
C:\Users\_Lab1\source\repos\Kernel_callbacks\Proc_Notifi.h(160,108): message : Conversion from string literal loses const qualifier (see /Zc:strictStrings)
C:\Users\_Lab1\source\repos\Kernel_callbacks\Proc_Notifi.h(161,70): error C2440: 'initializing': cannot convert from 'const wchar_t [32]' to 'PWCHAR'
C:\Users\_Lab1\source\repos\Kernel_callbacks\Proc_Notifi.h(161,70): message : Conversion from string literal loses const qualifier (see /Zc:strictStrings)
C:\Users\_Lab1\source\repos\Kernel_callbacks\Proc_Notifi.h(161,108): error C2440: 'initializing': cannot convert from 'const wchar_t [29]' to 'PWCHAR'
C:\Users\_Lab1\source\repos\Kernel_callbacks\Proc_Notifi.h(161,108): message : Conversion from string literal loses const qualifier (see /Zc:strictStrings)
C:\Users\_Lab1\source\repos\Kernel_callbacks\Proc_Notifi.h(162,70): error C2440: 'initializing': cannot convert from 'const wchar_t [32]' to 'PWCHAR'
C:\Users\_Lab1\source\repos\Kernel_callbacks\Proc_Notifi.h(162,70): message : Conversion from string literal loses const qualifier (see /Zc:strictStrings)
C:\Users\_Lab1\source\repos\Kernel_callbacks\Proc_Notifi.h(162,108): error C2440: 'initializing': cannot convert from 'const wchar_t [29]' to 'PWCHAR'
C:\Users\_Lab1\source\repos\Kernel_callbacks\Proc_Notifi.h(162,108): message : Conversion from string literal loses const qualifier (see /Zc:strictStrings)
C:\Users\_Lab1\source\repos\Kernel_callbacks\Proc_Notifi.h(163,70): error C2440: 'initializing': cannot convert from 'const wchar_t [32]' to 'PWCHAR'
C:\Users\_Lab1\source\repos\Kernel_callbacks\Proc_Notifi.h(163,70): message : Conversion from string literal loses const qualifier (see /Zc:strictStrings)
C:\Users\_Lab1\source\repos\Kernel_callbacks\Proc_Notifi.h(163,108): error C2440: 'initializing': cannot convert from 'const wchar_t [29]' to 'PWCHAR'
C:\Users\_Lab1\source\repos\Kernel_callbacks\Proc_Notifi.h(163,108): message : Conversion from string literal loses const qualifier (see /Zc:strictStrings)
C:\Users\_Lab1\source\repos\Kernel_callbacks\Proc_Notifi.h(164,70): error C2440: 'initializing': cannot convert from 'const wchar_t [32]' to 'PWCHAR'
C:\Users\_Lab1\source\repos\Kernel_callbacks\Proc_Notifi.h(164,70): message : Conversion from string literal loses const qualifier (see /Zc:strictStrings)
C:\Users\_Lab1\source\repos\Kernel_callbacks\Proc_Notifi.h(164,108): error C2440: 'initializing': cannot convert from 'const wchar_t [29]' to 'PWCHAR'
C:\Users\_Lab1\source\repos\Kernel_callbacks\Proc_Notifi.h(164,108): message : Conversion from string literal loses const qualifier (see /Zc:strictStrings)
C:\Users\_Lab1\source\repos\Kernel_callbacks\Proc_Notifi.h(165,70): error C2440: 'initializing': cannot convert from 'const wchar_t [32]' to 'PWCHAR'
C:\Users\_Lab1\source\repos\Kernel_callbacks\Proc_Notifi.h(165,70): message : Conversion from string literal loses const qualifier (see /Zc:strictStrings)
C:\Users\_Lab1\source\repos\Kernel_callbacks\Proc_Notifi.h(165,108): error C2440: 'initializing': cannot convert from 'const wchar_t [26]' to 'PWCHAR'
C:\Users\_Lab1\source\repos\Kernel_callbacks\Proc_Notifi.h(165,108): message : Conversion from string literal loses const qualifier (see /Zc:strictStrings)
C:\Users\_Lab1\source\repos\Kernel_callbacks\Proc_Notifi.h(166,70): error C2440: 'initializing': cannot convert from 'const wchar_t [32]' to 'PWCHAR'
C:\Users\_Lab1\source\repos\Kernel_callbacks\Proc_Notifi.h(166,70): message : Conversion from string literal loses const qualifier (see /Zc:strictStrings)
C:\Users\_Lab1\source\repos\Kernel_callbacks\Proc_Notifi.h(166,108): error C2440: 'initializing': cannot convert from 'const wchar_t [26]' to 'PWCHAR'
C:\Users\_Lab1\source\repos\Kernel_callbacks\Proc_Notifi.h(166,108): message : Conversion from string literal loses const qualifier (see /Zc:strictStrings)
C:\Users\_Lab1\source\repos\Kernel_callbacks\Proc_Notifi.h(167,70): error C2440: 'initializing': cannot convert from 'const wchar_t [32]' to 'PWCHAR'
C:\Users\_Lab1\source\repos\Kernel_callbacks\Proc_Notifi.h(167,70): message : Conversion from string literal loses const qualifier (see /Zc:strictStrings)
C:\Users\_Lab1\source\repos\Kernel_callbacks\Proc_Notifi.h(167,108): error C2440: 'initializing': cannot convert from 'const wchar_t [26]' to 'PWCHAR'
C:\Users\_Lab1\source\repos\Kernel_callbacks\Proc_Notifi.h(167,108): message : Conversion from string literal loses const qualifier (see /Zc:strictStrings)
C:\Users\_Lab1\source\repos\Kernel_callbacks\Proc_Notifi.h(168,70): error C2440: 'initializing': cannot convert from 'const wchar_t [33]' to 'PWCHAR'
C:\Users\_Lab1\source\repos\Kernel_callbacks\Proc_Notifi.h(168,70): message : Conversion from string literal loses const qualifier (see /Zc:strictStrings)
C:\Users\_Lab1\source\repos\Kernel_callbacks\Proc_Notifi.h(168,108): error C2440: 'initializing': cannot convert from 'const wchar_t [21]' to 'PWCHAR'
C:\Users\_Lab1\source\repos\Kernel_callbacks\Proc_Notifi.h(168,108): message : Conversion from string literal loses const qualifier (see /Zc:strictStrings)
C:\Users\_Lab1\source\repos\Kernel_callbacks\Proc_Notifi.h(180,67): error C2440: 'initializing': cannot convert from 'const wchar_t [24]' to 'PWCHAR'
C:\Users\_Lab1\source\repos\Kernel_callbacks\Proc_Notifi.h(180,67): message : Conversion from string literal loses const qualifier (see /Zc:strictStrings)
C:\Users\_Lab1\source\repos\Kernel_callbacks\Proc_Notifi.h(180,99): error C2440: 'initializing': cannot convert from 'const wchar_t [17]' to 'PWCHAR'
C:\Users\_Lab1\source\repos\Kernel_callbacks\Proc_Notifi.h(180,99): message : Conversion from string literal loses const qualifier (see /Zc:strictStrings)
C:\Users\_Lab1\source\repos\Kernel_callbacks\Proc_Notifi.h(181,68): error C2440: 'initializing': cannot convert from 'const wchar_t [24]' to 'PWCHAR'
C:\Users\_Lab1\source\repos\Kernel_callbacks\Proc_Notifi.h(181,68): message : Conversion from string literal loses const qualifier (see /Zc:strictStrings)
C:\Users\_Lab1\source\repos\Kernel_callbacks\Proc_Notifi.h(181,100): error C2440: 'initializing': cannot convert from 'const wchar_t [17]' to 'PWCHAR'
C:\Users\_Lab1\source\repos\Kernel_callbacks\Proc_Notifi.h(181,100): message : Conversion from string literal loses const qualifier (see /Zc:strictStrings)
C:\Users\_Lab1\source\repos\Kernel_callbacks\Proc_Notifi.h(182,70): error C2440: 'initializing': cannot convert from 'const wchar_t [12]' to 'PWCHAR'
C:\Users\_Lab1\source\repos\Kernel_callbacks\Proc_Notifi.h(182,70): message : Conversion from string literal loses const qualifier (see /Zc:strictStrings)
C:\Users\_Lab1\source\repos\Kernel_callbacks\Proc_Notifi.h(182,93): error C2440: 'initializing': cannot convert from 'const wchar_t [20]' to 'PWCHAR'
C:\Users\_Lab1\source\repos\Kernel_callbacks\Proc_Notifi.h(182,93): message : Conversion from string literal loses const qualifier (see /Zc:strictStrings)
C:\Users\_Lab1\source\repos\Kernel_callbacks\Proc_Notifi.h(183,67): error C2440: 'initializing': cannot convert from 'const wchar_t [25]' to 'PWCHAR'
C:\Users\_Lab1\source\repos\Kernel_callbacks\Proc_Notifi.h(183,67): message : Conversion from string literal loses const qualifier (see /Zc:strictStrings)
C:\Users\_Lab1\source\repos\Kernel_callbacks\Proc_Notifi.h(183,99): error C2440: 'initializing': cannot convert from 'const wchar_t [18]' to 'PWCHAR'
C:\Users\_Lab1\source\repos\Kernel_callbacks\Proc_Notifi.h(183,99): message : Conversion from string literal loses const qualifier (see /Zc:strictStrings)
C:\Users\_Lab1\source\repos\Kernel_callbacks\Proc_Notifi.h(184,67): error C2440: 'initializing': cannot convert from 'const wchar_t [27]' to 'PWCHAR'
C:\Users\_Lab1\source\repos\Kernel_callbacks\Proc_Notifi.h(184,67): message : Conversion from string literal loses const qualifier (see /Zc:strictStrings)
C:\Users\_Lab1\source\repos\Kernel_callbacks\Proc_Notifi.h(184,101): error C2440: 'initializing': cannot convert from 'const wchar_t [11]' to 'PWCHAR'
C:\Users\_Lab1\source\repos\Kernel_callbacks\Proc_Notifi.h(184,101): message : Conversion from string literal loses const qualifier (see /Zc:strictStrings)
C:\Users\_Lab1\source\repos\Kernel_callbacks\Proc_Notifi.h(185,69): error C2440: 'initializing': cannot convert from 'const wchar_t [18]' to 'PWCHAR'
C:\Users\_Lab1\source\repos\Kernel_callbacks\Proc_Notifi.h(185,69): message : Conversion from string literal loses const qualifier (see /Zc:strictStrings)
C:\Users\_Lab1\source\repos\Kernel_callbacks\Proc_Notifi.h(185,96): error C2440: 'initializing': cannot convert from 'const wchar_t [21]' to 'PWCHAR'
C:\Users\_Lab1\source\repos\Kernel_callbacks\Proc_Notifi.h(185,96): message : Conversion from string literal loses const qualifier (see /Zc:strictStrings)
C:\Users\_Lab1\source\repos\Kernel_callbacks\Proc_Notifi.h(186,80): error C2440: 'initializing': cannot convert from 'const wchar_t [29]' to 'PWCHAR'
C:\Users\_Lab1\source\repos\Kernel_callbacks\Proc_Notifi.h(186,80): message : Conversion from string literal loses const qualifier (see /Zc:strictStrings)
C:\Users\_Lab1\source\repos\Kernel_callbacks\Proc_Notifi.h(186,114): error C2440: 'initializing': cannot convert from 'const wchar_t [22]' to 'PWCHAR'
C:\Users\_Lab1\source\repos\Kernel_callbacks\Proc_Notifi.h(186,114): message : Conversion from string literal loses const qualifier (see /Zc:strictStrings)
C:\Users\_Lab1\source\repos\Kernel_callbacks\Proc_Notifi.h(187,80): error C2440: 'initializing': cannot convert from 'const wchar_t [29]' to 'PWCHAR'
C:\Users\_Lab1\source\repos\Kernel_callbacks\Proc_Notifi.h(187,80): message : Conversion from string literal loses const qualifier (see /Zc:strictStrings)
C:\Users\_Lab1\source\repos\Kernel_callbacks\Proc_Notifi.h(187,114): error C2440: 'initializing': cannot convert from 'const wchar_t [22]' to 'PWCHAR'
C:\Users\_Lab1\source\repos\Kernel_callbacks\Proc_Notifi.h(187,114): message : Conversion from string literal loses const qualifier (see /Zc:strictStrings)
C:\Users\_Lab1\source\repos\Kernel_callbacks\Proc_Notifi.h(188,80): error C2440: 'initializing': cannot convert from 'const wchar_t [29]' to 'PWCHAR'
C:\Users\_Lab1\source\repos\Kernel_callbacks\Proc_Notifi.h(188,80): message : Conversion from string literal loses const qualifier (see /Zc:strictStrings)
C:\Users\_Lab1\source\repos\Kernel_callbacks\Proc_Notifi.h(188,114): error C2440: 'initializing': cannot convert from 'const wchar_t [23]' to 'PWCHAR'
C:\Users\_Lab1\source\repos\Kernel_callbacks\Proc_Notifi.h(188,114): message : Conversion from string literal loses const qualifier (see /Zc:strictStrings)
C:\Users\_Lab1\source\repos\Kernel_callbacks\Proc_Notifi.h(189,80): error C2440: 'initializing': cannot convert from 'const wchar_t [29]' to 'PWCHAR'
C:\Users\_Lab1\source\repos\Kernel_callbacks\Proc_Notifi.h(189,80): message : Conversion from string literal loses const qualifier (see /Zc:strictStrings)
C:\Users\_Lab1\source\repos\Kernel_callbacks\Proc_Notifi.h(189,114): error C2440: 'initializing': cannot convert from 'const wchar_t [23]' to 'PWCHAR'
C:\Users\_Lab1\source\repos\Kernel_callbacks\Proc_Notifi.h(189,114): message : Conversion from string literal loses const qualifier (see /Zc:strictStrings)
C:\Users\_Lab1\source\repos\Kernel_callbacks\Proc_Notifi.h(190,80): error C2440: 'initializing': cannot convert from 'const wchar_t [29]' to 'PWCHAR'
C:\Users\_Lab1\source\repos\Kernel_callbacks\Proc_Notifi.h(190,80): message : Conversion from string literal loses const qualifier (see /Zc:strictStrings)
C:\Users\_Lab1\source\repos\Kernel_callbacks\Proc_Notifi.h(190,114): error C2440: 'initializing': cannot convert from 'const wchar_t [23]' to 'PWCHAR'
C:\Users\_Lab1\source\repos\Kernel_callbacks\Proc_Notifi.h(190,114): message : Conversion from string literal loses const qualifier (see /Zc:strictStrings)
C:\Users\_Lab1\source\repos\Kernel_callbacks\Proc_Notifi.h(191,80): error C2440: 'initializing': cannot convert from 'const wchar_t [29]' to 'PWCHAR'
C:\Users\_Lab1\source\repos\Kernel_callbacks\Proc_Notifi.h(191,80): message : Conversion from string literal loses const qualifier (see /Zc:strictStrings)
C:\Users\_Lab1\source\repos\Kernel_callbacks\Proc_Notifi.h(191,114): error C2440: 'initializing': cannot convert from 'const wchar_t [23]' to 'PWCHAR'
C:\Users\_Lab1\source\repos\Kernel_callbacks\Proc_Notifi.h(191,114): message : Conversion from string literal loses const qualifier (see /Zc:strictStrings)
C:\Users\_Lab1\source\repos\Kernel_callbacks\Proc_Notifi.h(192,80): error C2440: 'initializing': cannot convert from 'const wchar_t [29]' to 'PWCHAR'
C:\Users\_Lab1\source\repos\Kernel_callbacks\Proc_Notifi.h(192,80): message : Conversion from string literal loses const qualifier (see /Zc:strictStrings)
C:\Users\_Lab1\source\repos\Kernel_callbacks\Proc_Notifi.h(192,114): error C2440: 'initializing': cannot convert from 'const wchar_t [23]' to 'PWCHAR'
C:\Users\_Lab1\source\repos\Kernel_callbacks\Proc_Notifi.h(192,114): message : Conversion from string literal loses const qualifier (see /Zc:strictStrings)
C:\Users\_Lab1\source\repos\Kernel_callbacks\Proc_Notifi.h(193,80): error C2440: 'initializing': cannot convert from 'const wchar_t [29]' to 'PWCHAR'
C:\Users\_Lab1\source\repos\Kernel_callbacks\Proc_Notifi.h(193,80): message : Conversion from string literal loses const qualifier (see /Zc:strictStrings)
C:\Users\_Lab1\source\repos\Kernel_callbacks\Proc_Notifi.h(193,114): error C2440: 'initializing': cannot convert from 'const wchar_t [23]' to 'PWCHAR'
C:\Users\_Lab1\source\repos\Kernel_callbacks\Proc_Notifi.h(193,114): message : Conversion from string literal loses const qualifier (see /Zc:strictStrings)
C:\Users\_Lab1\source\repos\Kernel_callbacks\Proc_Notifi.h(194,80): error C2440: 'initializing': cannot convert from 'const wchar_t [31]' to 'PWCHAR'
C:\Users\_Lab1\source\repos\Kernel_callbacks\Proc_Notifi.h(194,80): message : Conversion from string literal loses const qualifier (see /Zc:strictStrings)
C:\Users\_Lab1\source\repos\Kernel_callbacks\Proc_Notifi.h(194,116): error C2440: 'initializing': cannot convert from 'const wchar_t [21]' to 'PWCHAR'
C:\Users\_Lab1\source\repos\Kernel_callbacks\Proc_Notifi.h(194,116): message : Conversion from string literal loses const qualifier (see /Zc:strictStrings)
C:\Users\_Lab1\source\repos\Kernel_callbacks\Proc_Notifi.h(207,64): error C2440: 'initializing': cannot convert from 'const wchar_t [31]' to 'PWCHAR'
C:\Users\_Lab1\source\repos\Kernel_callbacks\Proc_Notifi.h(207,64): message : Conversion from string literal loses const qualifier (see /Zc:strictStrings)
C:\Users\_Lab1\source\repos\Kernel_callbacks\Proc_Notifi.h(207,101): error C2440: 'initializing': cannot convert from 'const wchar_t [22]' to 'PWCHAR'
C:\Users\_Lab1\source\repos\Kernel_callbacks\Proc_Notifi.h(207,101): message : Conversion from string literal loses const qualifier (see /Zc:strictStrings)
C:\Users\_Lab1\source\repos\Kernel_callbacks\Proc_Notifi.h(208,65): error C2440: 'initializing': cannot convert from 'const wchar_t [31]' to 'PWCHAR'
C:\Users\_Lab1\source\repos\Kernel_callbacks\Proc_Notifi.h(208,65): message : Conversion from string literal loses const qualifier (see /Zc:strictStrings)
C:\Users\_Lab1\source\repos\Kernel_callbacks\Proc_Notifi.h(208,102): error C2440: 'initializing': cannot convert from 'const wchar_t [21]' to 'PWCHAR'
C:\Users\_Lab1\source\repos\Kernel_callbacks\Proc_Notifi.h(208,102): message : Conversion from string literal loses const qualifier (see /Zc:strictStrings)
C:\Users\_Lab1\source\repos\Kernel_callbacks\Proc_Notifi.h(209,67): error C2440: 'initializing': cannot convert from 'const wchar_t [41]' to 'PWCHAR'
C:\Users\_Lab1\source\repos\Kernel_callbacks\Proc_Notifi.h(209,67): message : Conversion from string literal loses const qualifier (see /Zc:strictStrings)
C:\Users\_Lab1\source\repos\Kernel_callbacks\Proc_Notifi.h(209,111): error C2440: 'initializing': cannot convert from 'const wchar_t [21]' to 'PWCHAR'
C:\Users\_Lab1\source\repos\Kernel_callbacks\Proc_Notifi.h(209,111): message : Conversion from string literal loses const qualifier (see /Zc:strictStrings)
C:\Users\_Lab1\source\repos\Kernel_callbacks\Proc_Notifi.h(210,64): error C2440: 'initializing': cannot convert from 'const wchar_t [29]' to 'PWCHAR'
C:\Users\_Lab1\source\repos\Kernel_callbacks\Proc_Notifi.h(210,64): message : Conversion from string literal loses const qualifier (see /Zc:strictStrings)
C:\Users\_Lab1\source\repos\Kernel_callbacks\Proc_Notifi.h(210,99): error C2440: 'initializing': cannot convert from 'const wchar_t [22]' to 'PWCHAR'
C:\Users\_Lab1\source\repos\Kernel_callbacks\Proc_Notifi.h(210,99): message : Conversion from string literal loses const qualifier (see /Zc:strictStrings)
C:\Users\_Lab1\source\repos\Kernel_callbacks\Proc_Notifi.h(211,64): error C2440: 'initializing': cannot convert from 'const wchar_t [27]' to 'PWCHAR'
C:\Users\_Lab1\source\repos\Kernel_callbacks\Proc_Notifi.h(211,64): message : Conversion from string literal loses const qualifier (see /Zc:strictStrings)
C:\Users\_Lab1\source\repos\Kernel_callbacks\Proc_Notifi.h(211,98): error C2440: 'initializing': cannot convert from 'const wchar_t [11]' to 'PWCHAR'
C:\Users\_Lab1\source\repos\Kernel_callbacks\Proc_Notifi.h(211,98): message : Conversion from string literal loses const qualifier (see /Zc:strictStrings)
C:\Users\_Lab1\source\repos\Kernel_callbacks\Proc_Notifi.h(212,66): error C2440: 'initializing': cannot convert from 'const wchar_t [28]' to 'PWCHAR'
C:\Users\_Lab1\source\repos\Kernel_callbacks\Proc_Notifi.h(212,66): message : Conversion from string literal loses const qualifier (see /Zc:strictStrings)
C:\Users\_Lab1\source\repos\Kernel_callbacks\Proc_Notifi.h(212,101): error C2440: 'initializing': cannot convert from 'const wchar_t [20]' to 'PWCHAR'
C:\Users\_Lab1\source\repos\Kernel_callbacks\Proc_Notifi.h(212,101): message : Conversion from string literal loses const qualifier (see /Zc:strictStrings)
C:\Users\_Lab1\source\repos\Kernel_callbacks\Proc_Notifi.h(213,76): error C2440: 'initializing': cannot convert from 'const wchar_t [28]' to 'PWCHAR'
C:\Users\_Lab1\source\repos\Kernel_callbacks\Proc_Notifi.h(213,76): message : Conversion from string literal loses const qualifier (see /Zc:strictStrings)
C:\Users\_Lab1\source\repos\Kernel_callbacks\Proc_Notifi.h(213,111): error C2440: 'initializing': cannot convert from 'const wchar_t [22]' to 'PWCHAR'
C:\Users\_Lab1\source\repos\Kernel_callbacks\Proc_Notifi.h(213,111): message : Conversion from string literal loses const qualifier (see /Zc:strictStrings)
C:\Users\_Lab1\source\repos\Kernel_callbacks\Proc_Notifi.h(214,76): error C2440: 'initializing': cannot convert from 'const wchar_t [28]' to 'PWCHAR'
C:\Users\_Lab1\source\repos\Kernel_callbacks\Proc_Notifi.h(214,76): message : Conversion from string literal loses const qualifier (see /Zc:strictStrings)
C:\Users\_Lab1\source\repos\Kernel_callbacks\Proc_Notifi.h(214,111): error C2440: 'initializing': cannot convert from 'const wchar_t [22]' to 'PWCHAR'
C:\Users\_Lab1\source\repos\Kernel_callbacks\Proc_Notifi.h(214,111): message : Conversion from string literal loses const qualifier (see /Zc:strictStrings)
C:\Users\_Lab1\source\repos\Kernel_callbacks\Proc_Notifi.h(215,76): error C2440: 'initializing': cannot convert from 'const wchar_t [28]' to 'PWCHAR'
C:\Users\_Lab1\source\repos\Kernel_callbacks\Proc_Notifi.h(215,76): message : Conversion from string literal loses const qualifier (see /Zc:strictStrings)
C:\Users\_Lab1\source\repos\Kernel_callbacks\Proc_Notifi.h(215,111): error C2440: 'initializing': cannot convert from 'const wchar_t [32]' to 'PWCHAR'
C:\Users\_Lab1\source\repos\Kernel_callbacks\Proc_Notifi.h(215,111): message : Conversion from string literal loses const qualifier (see /Zc:strictStrings)
C:\Users\_Lab1\source\repos\Kernel_callbacks\Proc_Notifi.h(216,76): error C2440: 'initializing': cannot convert from 'const wchar_t [28]' to 'PWCHAR'
C:\Users\_Lab1\source\repos\Kernel_callbacks\Proc_Notifi.h(216,76): message : Conversion from string literal loses const qualifier (see /Zc:strictStrings)
C:\Users\_Lab1\source\repos\Kernel_callbacks\Proc_Notifi.h(216,111): error C2440: 'initializing': cannot convert from 'const wchar_t [32]' to 'PWCHAR'
C:\Users\_Lab1\source\repos\Kernel_callbacks\Proc_Notifi.h(216,111): message : Conversion from string literal loses const qualifier (see /Zc:strictStrings)
C:\Users\_Lab1\source\repos\Kernel_callbacks\Proc_Notifi.h(217,76): error C2440: 'initializing': cannot convert from 'const wchar_t [28]' to 'PWCHAR'
C:\Users\_Lab1\source\repos\Kernel_callbacks\Proc_Notifi.h(217,76): message : Conversion from string literal loses const qualifier (see /Zc:strictStrings)
C:\Users\_Lab1\source\repos\Kernel_callbacks\Proc_Notifi.h(217,111): error C2440: 'initializing': cannot convert from 'const wchar_t [32]' to 'PWCHAR'
C:\Users\_Lab1\source\repos\Kernel_callbacks\Proc_Notifi.h(217,111): message : Conversion from string literal loses const qualifier (see /Zc:strictStrings)
C:\Users\_Lab1\source\repos\Kernel_callbacks\Proc_Notifi.h(218,76): error C2440: 'initializing': cannot convert from 'const wchar_t [30]' to 'PWCHAR'
C:\Users\_Lab1\source\repos\Kernel_callbacks\Proc_Notifi.h(218,76): message : Conversion from string literal loses const qualifier (see /Zc:strictStrings)
C:\Users\_Lab1\source\repos\Kernel_callbacks\Proc_Notifi.h(218,112): error C2440: 'initializing': cannot convert from 'const wchar_t [32]' to 'PWCHAR'
C:\Users\_Lab1\source\repos\Kernel_callbacks\Proc_Notifi.h(218,112): message : Conversion from string literal loses const qualifier (see /Zc:strictStrings)
C:\Users\_Lab1\source\repos\Kernel_callbacks\Proc_Notifi.h(219,76): error C2440: 'initializing': cannot convert from 'const wchar_t [30]' to 'PWCHAR'
C:\Users\_Lab1\source\repos\Kernel_callbacks\Proc_Notifi.h(219,76): message : Conversion from string literal loses const qualifier (see /Zc:strictStrings)
C:\Users\_Lab1\source\repos\Kernel_callbacks\Proc_Notifi.h(219,112): error C2440: 'initializing': cannot convert from 'const wchar_t [32]' to 'PWCHAR'
C:\Users\_Lab1\source\repos\Kernel_callbacks\Proc_Notifi.h(219,112): message : Conversion from string literal loses const qualifier (see /Zc:strictStrings)
C:\Users\_Lab1\source\repos\Kernel_callbacks\Proc_Notifi.h(220,76): error C2440: 'initializing': cannot convert from 'const wchar_t [30]' to 'PWCHAR'
C:\Users\_Lab1\source\repos\Kernel_callbacks\Proc_Notifi.h(220,76): message : Conversion from string literal loses const qualifier (see /Zc:strictStrings)
C:\Users\_Lab1\source\repos\Kernel_callbacks\Proc_Notifi.h(220,112): error C2440: 'initializing': cannot convert from 'const wchar_t [32]' to 'PWCHAR'
C:\Users\_Lab1\source\repos\Kernel_callbacks\Proc_Notifi.h(220,112): message : Conversion from string literal loses const qualifier (see /Zc:strictStrings)
C:\Users\_Lab1\source\repos\Kernel_callbacks\Proc_Notifi.h(221,76): error C2440: 'initializing': cannot convert from 'const wchar_t [30]' to 'PWCHAR'
C:\Users\_Lab1\source\repos\Kernel_callbacks\Proc_Notifi.h(221,76): message : Conversion from string literal loses const qualifier (see /Zc:strictStrings)
C:\Users\_Lab1\source\repos\Kernel_callbacks\Proc_Notifi.h(221,112): error C2440: 'initializing': cannot convert from 'const wchar_t [21]' to 'PWCHAR'
C:\Users\_Lab1\source\repos\Kernel_callbacks\Proc_Notifi.h(221,112): message : Conversion from string literal loses const qualifier (see /Zc:strictStrings)
C:\Users\_Lab1\source\repos\Kernel_callbacks\Proc_Notifi.h(234,66): error C2440: 'initializing': cannot convert from 'const wchar_t [19]' to 'PWCHAR'
C:\Users\_Lab1\source\repos\Kernel_callbacks\Proc_Notifi.h(234,66): message : Conversion from string literal loses const qualifier (see /Zc:strictStrings)
C:\Users\_Lab1\source\repos\Kernel_callbacks\Proc_Notifi.h(234,94): error C2440: 'initializing': cannot convert from 'const wchar_t [13]' to 'PWCHAR'
C:\Users\_Lab1\source\repos\Kernel_callbacks\Proc_Notifi.h(234,94): message : Conversion from string literal loses const qualifier (see /Zc:strictStrings)
C:\Users\_Lab1\source\repos\Kernel_callbacks\Proc_Notifi.h(235,67): error C2440: 'initializing': cannot convert from 'const wchar_t [19]' to 'PWCHAR'
C:\Users\_Lab1\source\repos\Kernel_callbacks\Proc_Notifi.h(235,67): message : Conversion from string literal loses const qualifier (see /Zc:strictStrings)
C:\Users\_Lab1\source\repos\Kernel_callbacks\Proc_Notifi.h(235,95): error C2440: 'initializing': cannot convert from 'const wchar_t [13]' to 'PWCHAR'
C:\Users\_Lab1\source\repos\Kernel_callbacks\Proc_Notifi.h(235,95): message : Conversion from string literal loses const qualifier (see /Zc:strictStrings)
C:\Users\_Lab1\source\repos\Kernel_callbacks\Proc_Notifi.h(236,69): error C2440: 'initializing': cannot convert from 'const wchar_t [19]' to 'PWCHAR'
C:\Users\_Lab1\source\repos\Kernel_callbacks\Proc_Notifi.h(236,69): message : Conversion from string literal loses const qualifier (see /Zc:strictStrings)
C:\Users\_Lab1\source\repos\Kernel_callbacks\Proc_Notifi.h(236,97): error C2440: 'initializing': cannot convert from 'const wchar_t [19]' to 'PWCHAR'
C:\Users\_Lab1\source\repos\Kernel_callbacks\Proc_Notifi.h(236,97): message : Conversion from string literal loses const qualifier (see /Zc:strictStrings)
C:\Users\_Lab1\source\repos\Kernel_callbacks\Proc_Notifi.h(237,66): error C2440: 'initializing': cannot convert from 'const wchar_t [19]' to 'PWCHAR'
C:\Users\_Lab1\source\repos\Kernel_callbacks\Proc_Notifi.h(237,66): message : Conversion from string literal loses const qualifier (see /Zc:strictStrings)
C:\Users\_Lab1\source\repos\Kernel_callbacks\Proc_Notifi.h(237,94): error C2440: 'initializing': cannot convert from 'const wchar_t [19]' to 'PWCHAR'
C:\Users\_Lab1\source\repos\Kernel_callbacks\Proc_Notifi.h(237,94): message : Conversion from string literal loses const qualifier (see /Zc:strictStrings)
C:\Users\_Lab1\source\repos\Kernel_callbacks\Proc_Notifi.h(238,66): error C2440: 'initializing': cannot convert from 'const wchar_t [19]' to 'PWCHAR'
C:\Users\_Lab1\source\repos\Kernel_callbacks\Proc_Notifi.h(238,66): message : Conversion from string literal loses const qualifier (see /Zc:strictStrings)
C:\Users\_Lab1\source\repos\Kernel_callbacks\Proc_Notifi.h(238,94): error C2440: 'initializing': cannot convert from 'const wchar_t [15]' to 'PWCHAR'
C:\Users\_Lab1\source\repos\Kernel_callbacks\Proc_Notifi.h(238,94): message : Conversion from string literal loses const qualifier (see /Zc:strictStrings)
C:\Users\_Lab1\source\repos\Kernel_callbacks\Proc_Notifi.h(239,68): error C2440: 'initializing': cannot convert from 'const wchar_t [19]' to 'PWCHAR'
C:\Users\_Lab1\source\repos\Kernel_callbacks\Proc_Notifi.h(249,1): fatal error C1003: error count exceeds 100; stopping compilation
  Generating Code...
