c:\users\me\source\repos\kernel_callbacks\x64\debug\vc142.pdb
c:\users\me\source\repos\kernel_callbacks\x64\debug\vc142.idb
c:\users\me\source\repos\kernel_callbacks\x64\debug\proc_notifi.obj
c:\users\me\source\repos\kernel_callbacks\x64\debug\kernel_info.obj
c:\users\me\source\repos\kernel_callbacks\x64\debug\kernel_callbacks.exe
c:\users\me\source\repos\kernel_callbacks\x64\debug\kernel_callbacks.ilk
c:\users\me\source\repos\kernel_callbacks\x64\debug\kernel_callbacks.pdb
c:\users\_lab1\source\repos\lastversion_kercallbackx\kernelcallbacks\x64\debug\kernel_info.obj
c:\users\_lab1\source\repos\lastversion_kercallbackx\kernelcallbacks\x64\debug\proc_notifi.obj
c:\users\_lab1\source\repos\lastversion_kercallbackx\kernelcallbacks\x64\debug\kernel_callbacks.ilk
c:\users\_lab1\source\repos\lastversion_kercallbackx\kernelcallbacks\x64\debug\vc142.idb
c:\users\_lab1\source\repos\lastversion_kercallbackx\kernelcallbacks\x64\debug\kernel_callbacks.pdb
c:\users\_lab1\source\repos\lastversion_kercallbackx\kernelcallbacks\x64\debug\vc142.pdb
c:\users\_lab1\source\repos\lastversion_kercallbackx\kernelcallbacks\x64\debug\kernel_callbacks.exe
c:\users\_lab1\source\repos\lastversion_kercallbackx\kernelcallbacks\x64\debug\kernel_callbacks.tlog\cl.command.1.tlog
c:\users\_lab1\source\repos\lastversion_kercallbackx\kernelcallbacks\x64\debug\kernel_callbacks.tlog\cl.read.1.tlog
c:\users\_lab1\source\repos\lastversion_kercallbackx\kernelcallbacks\x64\debug\kernel_callbacks.tlog\cl.write.1.tlog
c:\users\_lab1\source\repos\lastversion_kercallbackx\kernelcallbacks\x64\debug\kernel_callbacks.tlog\link.command.1.tlog
c:\users\_lab1\source\repos\lastversion_kercallbackx\kernelcallbacks\x64\debug\kernel_callbacks.tlog\link.read.1.tlog
c:\users\_lab1\source\repos\lastversion_kercallbackx\kernelcallbacks\x64\debug\kernel_callbacks.tlog\link.write.1.tlog
